[30-Mar-2017 13:04:41 Europe/Berlin] PHP Warning:  require(/Applications/MAMP/htdocs/flixer/languages//language.php): failed to open stream: No such file or directory in /Applications/MAMP/htdocs/flixer/core/system.php on line 69
[30-Mar-2017 13:04:41 Europe/Berlin] PHP Fatal error:  require(): Failed opening required '/Applications/MAMP/htdocs/flixer/languages//language.php' (include_path='.:/Applications/MAMP/bin/php/php7.0.0/lib/php') in /Applications/MAMP/htdocs/flixer/core/system.php on line 69
[30-Mar-2017 13:04:44 Europe/Berlin] PHP Warning:  require(/Applications/MAMP/htdocs/flixer/languages//language.php): failed to open stream: No such file or directory in /Applications/MAMP/htdocs/flixer/core/system.php on line 69
[30-Mar-2017 13:04:44 Europe/Berlin] PHP Fatal error:  require(): Failed opening required '/Applications/MAMP/htdocs/flixer/languages//language.php' (include_path='.:/Applications/MAMP/bin/php/php7.0.0/lib/php') in /Applications/MAMP/htdocs/flixer/core/system.php on line 69
[30-Mar-2017 13:04:47 Europe/Berlin] PHP Notice:  Undefined index: fl_profile in /Applications/MAMP/htdocs/flixer/themes/flixer/extend.php on line 103
[30-Mar-2017 13:04:47 Europe/Berlin] PHP Notice:  Trying to get property of non-object in /Applications/MAMP/htdocs/flixer/themes/flixer/inc/top.php on line 35
[30-Mar-2017 13:04:47 Europe/Berlin] PHP Notice:  Trying to get property of non-object in /Applications/MAMP/htdocs/flixer/core/system.php on line 189
[30-Mar-2017 13:04:47 Europe/Berlin] PHP Notice:  Trying to get property of non-object in /Applications/MAMP/htdocs/flixer/core/system.php on line 189
[30-Mar-2017 13:04:47 Europe/Berlin] PHP Notice:  Undefined index: fl_profile in /Applications/MAMP/htdocs/flixer/themes/flixer/extend.php on line 37
[30-Mar-2017 13:04:47 Europe/Berlin] PHP Notice:  Undefined property: stdClass::$movie_rating in /Applications/MAMP/htdocs/flixer/themes/flixer/layout/index.php on line 112
[30-Mar-2017 13:04:47 Europe/Berlin] PHP Notice:  Undefined property: stdClass::$movie_rating in /Applications/MAMP/htdocs/flixer/themes/flixer/layout/index.php on line 112
[30-Mar-2017 13:04:47 Europe/Berlin] PHP Notice:  Undefined property: stdClass::$movie_rating in /Applications/MAMP/htdocs/flixer/themes/flixer/layout/index.php on line 112
[30-Mar-2017 13:04:47 Europe/Berlin] PHP Notice:  Undefined index: js in /Applications/MAMP/htdocs/flixer/themes/flixer/inc/bottom.php on line 109
[30-Mar-2017 13:04:50 Europe/Berlin] PHP Notice:  Undefined index: js in /Applications/MAMP/htdocs/flixer/themes/flixer/inc/bottom.php on line 109
[30-Mar-2017 13:05:29 Europe/Berlin] PHP Fatal error:  Uncaught Error: Call to a member function fetch_object() on boolean in /Applications/MAMP/htdocs/flixer/core/system.php:322
Stack trace:
#0 /Applications/MAMP/htdocs/flixer/password.php(22): Data->getUser('22', 'id')
#1 {main}
  thrown in /Applications/MAMP/htdocs/flixer/core/system.php on line 322
[30-Mar-2017 13:06:57 Europe/Berlin] PHP Notice:  Undefined index: js in /Applications/MAMP/htdocs/flixer/themes/flixer/inc/bottom.php on line 109
[30-Mar-2017 13:09:54 Europe/Berlin] PHP Notice:  Undefined variable: system in /Applications/MAMP/htdocs/flixer/login.php on line 29
[30-Mar-2017 13:09:55 Europe/Berlin] PHP Fatal error:  Uncaught Error: Call to a member function getDomain() on unknown in /Applications/MAMP/htdocs/flixer/login.php:29
Stack trace:
#0 {main}
  thrown in /Applications/MAMP/htdocs/flixer/login.php on line 29
[30-Mar-2017 13:10:15 Europe/Berlin] PHP Notice:  Undefined index: fl_profile in /Applications/MAMP/htdocs/flixer/themes/flixer/extend.php on line 103
[30-Mar-2017 13:10:15 Europe/Berlin] PHP Notice:  Trying to get property of non-object in /Applications/MAMP/htdocs/flixer/themes/flixer/inc/top.php on line 35
[30-Mar-2017 13:10:15 Europe/Berlin] PHP Notice:  Trying to get property of non-object in /Applications/MAMP/htdocs/flixer/core/system.php on line 189
[30-Mar-2017 13:10:15 Europe/Berlin] PHP Notice:  Trying to get property of non-object in /Applications/MAMP/htdocs/flixer/core/system.php on line 189
[30-Mar-2017 13:10:15 Europe/Berlin] PHP Notice:  Undefined index: fl_profile in /Applications/MAMP/htdocs/flixer/themes/flixer/extend.php on line 37
[30-Mar-2017 13:10:15 Europe/Berlin] PHP Notice:  Undefined property: stdClass::$movie_rating in /Applications/MAMP/htdocs/flixer/themes/flixer/layout/index.php on line 112
[30-Mar-2017 13:10:15 Europe/Berlin] PHP Notice:  Undefined property: stdClass::$movie_rating in /Applications/MAMP/htdocs/flixer/themes/flixer/layout/index.php on line 112
[30-Mar-2017 13:10:15 Europe/Berlin] PHP Notice:  Undefined property: stdClass::$movie_rating in /Applications/MAMP/htdocs/flixer/themes/flixer/layout/index.php on line 112
[30-Mar-2017 13:10:15 Europe/Berlin] PHP Notice:  Undefined index: js in /Applications/MAMP/htdocs/flixer/themes/flixer/inc/bottom.php on line 109
